<?xml version="1.0" encoding="UTF-8"?>
<!-- Generated by org.testng.reporters.JUnitXMLReporter -->
<testsuite ignored="0" hostname="Bloomlync-Qa" failures="1" tests="1" name="Test" time="0.328" errors="0" timestamp="2024-08-21T11:08:05 IST">
  <testcase classname="testProject.createExcelFile" name="createExcel" time="0.016">
    <failure type="java.io.FileNotFoundException" message="C:\SampleWorkspace\1st-prism-web-integration-test\testProject\TestData\test3.xlsx (The system cannot find the path specified)">
      <![CDATA[java.io.FileNotFoundException: C:\SampleWorkspace\1st-prism-web-integration-test\testProject\TestData\test3.xlsx (The system cannot find the path specified)
at java.base/java.io.FileOutputStream.open0(Native Method)
at java.base/java.io.FileOutputStream.open(FileOutputStream.java:289)
at java.base/java.io.FileOutputStream.<init>(FileOutputStream.java:230)
at java.base/java.io.FileOutputStream.<init>(FileOutputStream.java:118)
at testProject.createExcelFile.createExcel(createExcelFile.java:31)
at java.base/java.util.ArrayList.forEach(ArrayList.java:1596)
... Removed 25 stack frames]]>
    </failure>
  </testcase> <!-- createExcel -->
</testsuite> <!-- Test -->
